[01:41:27] [main/INFO]: Environment: authHost='https://authserver.mojang.com', accountsHost='https://api.mojang.com', sessionHost='https://sessionserver.mojang.com', servicesHost='https://api.minecraftservices.com', name='PROD'
[01:41:28] [main/WARN]: Ambiguity between arguments [teleport, destination] and [teleport, targets] with inputs: [Player, 0123, @e, dd12be42-52a9-4a91-a8a1-11c01849e498]
[01:41:28] [main/WARN]: Ambiguity between arguments [teleport, location] and [teleport, destination] with inputs: [0.1 -0.5 .9, 0 0 0]
[01:41:28] [main/WARN]: Ambiguity between arguments [teleport, location] and [teleport, targets] with inputs: [0.1 -0.5 .9, 0 0 0]
[01:41:28] [main/WARN]: Ambiguity between arguments [teleport, targets] and [teleport, destination] with inputs: [Player, 0123, dd12be42-52a9-4a91-a8a1-11c01849e498]
[01:41:28] [main/WARN]: Ambiguity between arguments [teleport, targets, location] and [teleport, targets, destination] with inputs: [0.1 -0.5 .9, 0 0 0]
[01:41:28] [main/INFO]: Reloading ResourceManager: Default
[01:41:28] [Worker-Main-12/INFO]: Loaded 7 recipes
[01:41:28] [Worker-Main-12/INFO]: Loaded 927 advancements
[01:41:30] [Server thread/INFO]: Starting minecraft server version 1.16.5
[01:41:30] [Server thread/INFO]: Loading properties
[01:41:30] [Server thread/INFO]: Default game type: SURVIVAL
[01:41:30] [Server thread/INFO]: Generating keypair
[01:41:30] [Server console handler/ERROR]: Exception handling console input
java.io.IOException: The handle is invalid
	at java.io.FileInputStream.readBytes(Native Method) ~[?:1.8.0_51]
	at java.io.FileInputStream.read(Unknown Source) ~[?:1.8.0_51]
	at java.io.BufferedInputStream.read1(Unknown Source) ~[?:1.8.0_51]
	at java.io.BufferedInputStream.read(Unknown Source) ~[?:1.8.0_51]
	at sun.nio.cs.StreamDecoder.readBytes(Unknown Source) ~[?:1.8.0_51]
	at sun.nio.cs.StreamDecoder.implRead(Unknown Source) ~[?:1.8.0_51]
	at sun.nio.cs.StreamDecoder.read(Unknown Source) ~[?:1.8.0_51]
	at java.io.InputStreamReader.read(Unknown Source) ~[?:1.8.0_51]
	at java.io.BufferedReader.fill(Unknown Source) ~[?:1.8.0_51]
	at java.io.BufferedReader.readLine(Unknown Source) ~[?:1.8.0_51]
	at java.io.BufferedReader.readLine(Unknown Source) ~[?:1.8.0_51]
	at zg$1.run(SourceFile:95) [server.jar:?]
[01:41:30] [Server thread/INFO]: Starting Minecraft server on *:25565
[01:41:30] [Server thread/INFO]: Using default channel type
[01:41:31] [Server thread/WARN]: **** SERVER IS RUNNING IN OFFLINE/INSECURE MODE!
[01:41:31] [Server thread/WARN]: The server will make no attempt to authenticate usernames. Beware.
[01:41:31] [Server thread/WARN]: While this makes the game possible to play without internet access, it also opens up the ability for hackers to connect with any username they choose.
[01:41:31] [Server thread/WARN]: To change this, set "online-mode" to "true" in the server.properties file.
[01:41:31] [Server thread/INFO]: Preparing level "world"
[01:41:31] [Server thread/INFO]: Preparing start region for dimension minecraft:overworld
[01:41:32] [Server thread/INFO]: Preparing spawn area: 0%
[01:41:32] [Server thread/INFO]: Preparing spawn area: 0%
[01:41:32] [Server thread/INFO]: Preparing spawn area: 0%
[01:41:35] [Worker-Main-8/INFO]: Preparing spawn area: 83%
[01:41:35] [Worker-Main-14/INFO]: Preparing spawn area: 83%
[01:41:35] [Worker-Main-8/INFO]: Preparing spawn area: 83%
[01:41:35] [Worker-Main-8/INFO]: Preparing spawn area: 83%
[01:41:35] [Worker-Main-8/INFO]: Preparing spawn area: 83%
[01:41:35] [Worker-Main-15/INFO]: Preparing spawn area: 83%
[01:41:36] [Worker-Main-9/INFO]: Preparing spawn area: 83%
[01:41:36] [Worker-Main-11/INFO]: Preparing spawn area: 83%
[01:41:37] [Worker-Main-14/INFO]: Preparing spawn area: 83%
[01:41:38] [Worker-Main-14/INFO]: Preparing spawn area: 83%
[01:41:38] [Worker-Main-11/INFO]: Preparing spawn area: 83%
[01:41:38] [Worker-Main-8/INFO]: Preparing spawn area: 83%
[01:41:39] [Worker-Main-10/INFO]: Preparing spawn area: 83%
[01:41:39] [Worker-Main-9/INFO]: Preparing spawn area: 84%
[01:41:40] [Worker-Main-15/INFO]: Preparing spawn area: 91%
[01:41:40] [Server thread/INFO]: Time elapsed: 8873 ms
[01:41:40] [Server thread/INFO]: Done (8.963s)! For help, type "help"
[01:47:21] [Server thread/INFO]: Stopping server
[01:47:21] [Server thread/INFO]: Saving players
[01:47:21] [Server thread/INFO]: Saving worlds
[01:47:21] [Server thread/INFO]: Saving chunks for level 'ServerLevel[world]'/minecraft:overworld
[01:47:21] [Server thread/INFO]: ThreadedAnvilChunkStorage (world): All chunks are saved
[01:47:21] [Server thread/INFO]: Saving chunks for level 'ServerLevel[world]'/minecraft:the_nether
[01:47:21] [Server thread/INFO]: ThreadedAnvilChunkStorage (DIM-1): All chunks are saved
[01:47:21] [Server thread/INFO]: Saving chunks for level 'ServerLevel[world]'/minecraft:the_end
[01:47:21] [Server thread/INFO]: ThreadedAnvilChunkStorage (DIM1): All chunks are saved
[01:47:21] [Server thread/INFO]: ThreadedAnvilChunkStorage (world): All chunks are saved
[01:47:21] [Server thread/INFO]: ThreadedAnvilChunkStorage (DIM-1): All chunks are saved
[01:47:21] [Server thread/INFO]: ThreadedAnvilChunkStorage (DIM1): All chunks are saved
